<?xml version="1.0" encoding="UTF-8"?>
<testng-results total="1" passed="1" failed="0" skipped="0">
  <reporter-output>
  </reporter-output>
  <suite started-at="2020-03-02T05:35:38Z" name="Default suite" finished-at="2020-03-02T05:35:55Z" duration-ms="16652">
    <groups>
    </groups>
    <test started-at="2020-03-02T05:35:38Z" name="Default test" finished-at="2020-03-02T05:35:55Z" duration-ms="16652">
      <class name="Test_cases.TC_01">
        <test-method signature="test()[pri:0, instance:Test_cases.TC_01@21507a04]" started-at="2020-03-02T11:05:38Z" name="test" finished-at="2020-03-02T11:05:55Z" duration-ms="16627" status="PASS">
          <reporter-output>
          </reporter-output>
        </test-method> <!-- test -->
      </class> <!-- Test_cases.TC_01 -->
    </test> <!-- Default test -->
  </suite> <!-- Default suite -->
</testng-results>
